<?xml version="1.0" encoding="UTF-8"?>
<!-- Generated by org.testng.reporters.JUnitXMLReporter -->
<testsuite ignored="5" hostname="sheelabalaji" failures="0" tests="1" name="Default test(failed)" time="6.689" errors="0" timestamp="2024-05-23T20:17:58 IST">
  <testcase classname="com.tutorialsninja.qa.testcases.Login" name="userloginwithinvalidcredentials" time="0.565"/>
  <testcase classname="com.tutorialsninja.qa.testcases.Login" name="loginwithinvalidemailandvalidpassword" time="0.0">
    <ignored/>
  </testcase> <!-- loginwithinvalidemailandvalidpassword -->
  <testcase classname="com.tutorialsninja.qa.testcases.Login" name="loginwithoutprovidingcredentials" time="0.0">
    <ignored/>
  </testcase> <!-- loginwithoutprovidingcredentials -->
  <testcase classname="com.tutorialsninja.qa.testcases.Login" name="verifyLoginWithValidCredentials" time="0.0">
    <ignored/>
  </testcase> <!-- verifyLoginWithValidCredentials -->
  <testcase classname="com.tutorialsninja.qa.testcases.Login" name="forgotpasswordlinkisavailableintheloginpage" time="0.0">
    <ignored/>
  </testcase> <!-- forgotpasswordlinkisavailableintheloginpage -->
  <testcase classname="com.tutorialsninja.qa.testcases.Login" name="loginwithvalidemailandinvalidpassword" time="0.0">
    <ignored/>
  </testcase> <!-- loginwithvalidemailandinvalidpassword -->
</testsuite> <!-- Default test(failed) -->
