<?xml version="1.0" encoding="UTF-8"?>
<!-- Generated by org.testng.reporters.JUnitXMLReporter -->
<testsuite ignored="3" hostname="LAPTOP-DQHTQP3P" failures="0" tests="1" name="Default test" time="8.715" errors="0" timestamp="2024-05-24T12:32:09 IST">
  <testcase classname="com.tutorialsninja.qa.testcases.Register" name="VerifyRegisterAccountDifferentPassword" time="1.004"/>
  <testcase classname="com.tutorialsninja.qa.testcases.Register" name="verifyRegisterAccountByProvindManditoryFields" time="0.0">
    <ignored/>
  </testcase> <!-- verifyRegisterAccountByProvindManditoryFields -->
  <testcase classname="com.tutorialsninja.qa.testcases.Register" name="VerifyRegisterWithoutSelectingPrivacypolicyButton" time="0.0">
    <ignored/>
  </testcase> <!-- VerifyRegisterWithoutSelectingPrivacypolicyButton -->
  <testcase classname="com.tutorialsninja.qa.testcases.Register" name="verifyDifferentWaysOfNavigatingRegisterPage" time="0.0">
    <ignored/>
  </testcase> <!-- verifyDifferentWaysOfNavigatingRegisterPage -->
</testsuite> <!-- Default test -->
