<?xml version="1.0" encoding="UTF-8"?>
<!-- Generated by org.testng.reporters.JUnitXMLReporter -->
<testsuite ignored="0" hostname="LAPTOP-DQHTQP3P" failures="0" tests="4" name="Test" time="43.123" errors="0" timestamp="2024-05-21T11:14:54 IST">
  <testcase classname="com.tutorialsninja.qa.testcases.Register" name="verifyRegisterAccountByProvindManditoryFields" time="1.759"/>
  <testcase classname="com.tutorialsninja.qa.testcases.Login" name="verifyLoginWithValidCredentials" time="1.817"/>
  <testcase classname="com.tutorialsninja.qa.testcases.Search" name="VerifySearchAnExistingName" time="1.399"/>
  <testcase classname="com.tutorialsninja.qa.testcases.Search" name="VerifySearchAnNoProductName" time="0.755"/>
</testsuite> <!-- Test -->
