<?xml version="1.0" encoding="UTF-8"?>
<testng-results ignored="0" total="1" passed="1" failed="0" skipped="0">
  <reporter-output>
  </reporter-output>
  <suite started-at="2024-05-21T14:37:54 IST" name="Default suite" finished-at="2024-05-21T14:38:02 IST" duration-ms="8261">
    <groups>
    </groups>
    <test started-at="2024-05-21T14:37:54 IST" name="Default test" finished-at="2024-05-21T14:38:02 IST" duration-ms="8261">
      <class name="com.tutorialsninja.qa.testcases.Login">
        <test-method is-config="true" signature="setup()[pri:0, instance:com.tutorialsninja.qa.testcases.Login@36ebc363]" started-at="2024-05-21T14:37:54 IST" name="setup" finished-at="2024-05-21T14:38:00 IST" duration-ms="6347" status="PASS">
          <reporter-output>
          </reporter-output>
        </test-method> <!-- setup -->
        <test-method signature="verifyLoginWithValidCredentials()[pri:0, instance:com.tutorialsninja.qa.testcases.Login@36ebc363]" started-at="2024-05-21T14:38:00 IST" name="verifyLoginWithValidCredentials" finished-at="2024-05-21T14:38:01 IST" duration-ms="952" status="PASS">
          <reporter-output>
          </reporter-output>
        </test-method> <!-- verifyLoginWithValidCredentials -->
        <test-method is-config="true" signature="close()[pri:0, instance:com.tutorialsninja.qa.testcases.Login@36ebc363]" started-at="2024-05-21T14:38:01 IST" name="close" finished-at="2024-05-21T14:38:02 IST" duration-ms="927" status="PASS">
          <reporter-output>
          </reporter-output>
        </test-method> <!-- close -->
      </class> <!-- com.tutorialsninja.qa.testcases.Login -->
    </test> <!-- Default test -->
  </suite> <!-- Default suite -->
</testng-results>
